<?xml version="1.0" encoding="UTF-8"?>
<!-- Generated by org.testng.reporters.JUnitReportReporter -->
<testsuite hostname="HURCHNLP178" failures="0" tests="1" name="devaltetxtAutomation.altTextAutomation" time="10.476" errors="0" timestamp="2024-01-30T14:50:09 IST" skipped="0">
  <testcase classname="devaltetxtAutomation.altTextAutomation" name="myFunction" time="10.476"/>
  <system-out/>
</testsuite> <!-- devaltetxtAutomation.altTextAutomation -->
