<?xml version="1.0" encoding="UTF-8"?>
<!-- Generated by org.testng.reporters.JUnitReportReporter -->
<testsuite hostname="HURCHNLP178" failures="0" tests="1" name="devaltetxtAutomation.altTextAutomation" time="16.137" errors="0" timestamp="2024-01-29T23:45:46 IST" skipped="0">
  <testcase classname="devaltetxtAutomation.altTextAutomation" name="myFunction" time="16.137"/>
</testsuite> <!-- devaltetxtAutomation.altTextAutomation -->
